
> frontend@0.1.0 start
> react-scripts start

(node:50810) [DEP_WEBPACK_DEV_SERVER_ON_AFTER_SETUP_MIDDLEWARE] DeprecationWarning: 'onAfterSetupMiddleware' option is deprecated. Please use the 'setupMiddlewares' option.
(Use `node --trace-deprecation ...` to show where the warning was created)
(node:50810) [DEP_WEBPACK_DEV_SERVER_ON_BEFORE_SETUP_MIDDLEWARE] DeprecationWarning: 'onBeforeSetupMiddleware' option is deprecated. Please use the 'setupMiddlewares' option.
Starting the development server...

Compiled with warnings.

[eslint] 
src/App.tsx
  Line 295:11:  'SpeechRecognitionResultList' is defined but never used  @typescript-eslint/no-unused-vars

Search for the keywords to learn more about each warning.
To ignore, add // eslint-disable-next-line to the line before.

WARNING in [eslint] 
src/App.tsx
  Line 295:11:  'SpeechRecognitionResultList' is defined but never used  @typescript-eslint/no-unused-vars

webpack compiled with 1 warning
Files successfully emitted, waiting for typecheck results...
Issues checking in progress...
No issues found.
Compiling...
Compiled with warnings.

[eslint] 
src/App.tsx
  Line 301:11:  'SpeechRecognitionResultList' is defined but never used  @typescript-eslint/no-unused-vars

Search for the keywords to learn more about each warning.
To ignore, add // eslint-disable-next-line to the line before.

WARNING in [eslint] 
src/App.tsx
  Line 301:11:  'SpeechRecognitionResultList' is defined but never used  @typescript-eslint/no-unused-vars

webpack compiled with 1 warning
No issues found.
The build failed because the process exited too early. This probably means the system ran out of memory or someone called `kill -9` on the process.
