
> frontend@0.1.0 start
> react-scripts start

(node:58027) [DEP_WEBPACK_DEV_SERVER_ON_AFTER_SETUP_MIDDLEWARE] DeprecationWarning: 'onAfterSetupMiddleware' option is deprecated. Please use the 'setupMiddlewares' option.
(Use `node --trace-deprecation ...` to show where the warning was created)
(node:58027) [DEP_WEBPACK_DEV_SERVER_ON_BEFORE_SETUP_MIDDLEWARE] DeprecationWarning: 'onBeforeSetupMiddleware' option is deprecated. Please use the 'setupMiddlewares' option.
Starting the development server...

Compiled successfully!

You can now view frontend in the browser.

  Local:            http://localhost:3000
  On Your Network:  http://192.168.1.5:3000

Note that the development build is not optimized.
To create a production build, use npm run build.

webpack compiled successfully
Files successfully emitted, waiting for typecheck results...
Issues checking in progress...
No issues found.
Compiling...
Compiled with warnings.

[eslint] 
src/App.tsx
  Line 45:10:   'ttsEnabled' is assigned a value but never used          @typescript-eslint/no-unused-vars
  Line 45:22:   'setTtsEnabled' is assigned a value but never used       @typescript-eslint/no-unused-vars
  Line 302:11:  'SpeechRecognitionResultList' is defined but never used  @typescript-eslint/no-unused-vars

Search for the keywords to learn more about each warning.
To ignore, add // eslint-disable-next-line to the line before.

WARNING in [eslint] 
src/App.tsx
  Line 45:10:   'ttsEnabled' is assigned a value but never used          @typescript-eslint/no-unused-vars
  Line 45:22:   'setTtsEnabled' is assigned a value but never used       @typescript-eslint/no-unused-vars
  Line 302:11:  'SpeechRecognitionResultList' is defined but never used  @typescript-eslint/no-unused-vars

webpack compiled with 1 warning
No issues found.
Compiling...
Compiled with warnings.

[eslint] 
src/App.tsx
  Line 45:22:   'setTtsEnabled' is assigned a value but never used       @typescript-eslint/no-unused-vars
  Line 158:9:   'speakText' is assigned a value but never used           @typescript-eslint/no-unused-vars
  Line 324:11:  'SpeechRecognitionResultList' is defined but never used  @typescript-eslint/no-unused-vars

Search for the keywords to learn more about each warning.
To ignore, add // eslint-disable-next-line to the line before.

WARNING in [eslint] 
src/App.tsx
  Line 45:22:   'setTtsEnabled' is assigned a value but never used       @typescript-eslint/no-unused-vars
  Line 158:9:   'speakText' is assigned a value but never used           @typescript-eslint/no-unused-vars
  Line 324:11:  'SpeechRecognitionResultList' is defined but never used  @typescript-eslint/no-unused-vars

webpack compiled with 1 warning
No issues found.
Compiling...
Compiled with warnings.

[eslint] 
src/App.tsx
  Line 45:22:   'setTtsEnabled' is assigned a value but never used                                                                                            @typescript-eslint/no-unused-vars
  Line 133:6:   React Hook useEffect has missing dependencies: 'language', 'speakText', and 'ttsEnabled'. Either include them or remove the dependency array  react-hooks/exhaustive-deps
  Line 332:11:  'SpeechRecognitionResultList' is defined but never used                                                                                       @typescript-eslint/no-unused-vars

Search for the keywords to learn more about each warning.
To ignore, add // eslint-disable-next-line to the line before.

WARNING in [eslint] 
src/App.tsx
  Line 45:22:   'setTtsEnabled' is assigned a value but never used                                                                                            @typescript-eslint/no-unused-vars
  Line 133:6:   React Hook useEffect has missing dependencies: 'language', 'speakText', and 'ttsEnabled'. Either include them or remove the dependency array  react-hooks/exhaustive-deps
  Line 332:11:  'SpeechRecognitionResultList' is defined but never used                                                                                       @typescript-eslint/no-unused-vars

webpack compiled with 1 warning
No issues found.
Compiling...
Compiled with warnings.

[eslint] 
src/App.tsx
  Line 45:22:   'setTtsEnabled' is assigned a value but never used                                                            @typescript-eslint/no-unused-vars
  Line 133:6:   React Hook useEffect has a missing dependency: 'speakText'. Either include it or remove the dependency array  react-hooks/exhaustive-deps
  Line 332:11:  'SpeechRecognitionResultList' is defined but never used                                                       @typescript-eslint/no-unused-vars

Search for the keywords to learn more about each warning.
To ignore, add // eslint-disable-next-line to the line before.

WARNING in [eslint] 
src/App.tsx
  Line 45:22:   'setTtsEnabled' is assigned a value but never used                                                            @typescript-eslint/no-unused-vars
  Line 133:6:   React Hook useEffect has a missing dependency: 'speakText'. Either include it or remove the dependency array  react-hooks/exhaustive-deps
  Line 332:11:  'SpeechRecognitionResultList' is defined but never used                                                       @typescript-eslint/no-unused-vars

webpack compiled with 1 warning
No issues found.
Compiling...
Compiled with warnings.

[eslint] 
src/App.tsx
  Line 133:6:   React Hook useEffect has a missing dependency: 'speakText'. Either include it or remove the dependency array  react-hooks/exhaustive-deps
  Line 341:11:  'SpeechRecognitionResultList' is defined but never used                                                       @typescript-eslint/no-unused-vars

Search for the keywords to learn more about each warning.
To ignore, add // eslint-disable-next-line to the line before.

WARNING in [eslint] 
src/App.tsx
  Line 133:6:   React Hook useEffect has a missing dependency: 'speakText'. Either include it or remove the dependency array  react-hooks/exhaustive-deps
  Line 341:11:  'SpeechRecognitionResultList' is defined but never used                                                       @typescript-eslint/no-unused-vars

webpack compiled with 1 warning
No issues found.
Compiling...
Compiled with warnings.

[eslint] 
src/App.tsx
  Line 133:6:   React Hook useEffect has a missing dependency: 'speakText'. Either include it or remove the dependency array  react-hooks/exhaustive-deps
  Line 341:11:  'SpeechRecognitionResultList' is defined but never used                                                       @typescript-eslint/no-unused-vars

Search for the keywords to learn more about each warning.
To ignore, add // eslint-disable-next-line to the line before.

WARNING in [eslint] 
src/App.tsx
  Line 133:6:   React Hook useEffect has a missing dependency: 'speakText'. Either include it or remove the dependency array  react-hooks/exhaustive-deps
  Line 341:11:  'SpeechRecognitionResultList' is defined but never used                                                       @typescript-eslint/no-unused-vars

webpack compiled with 1 warning
No issues found.
Compiling...
Compiled with warnings.

[eslint] 
src/App.tsx
  Line 133:6:   React Hook useEffect has missing dependencies: 'language', 'speakText', and 'ttsEnabled'. Either include them or remove the dependency array  react-hooks/exhaustive-deps
  Line 341:11:  'SpeechRecognitionResultList' is defined but never used                                                                                       @typescript-eslint/no-unused-vars

Search for the keywords to learn more about each warning.
To ignore, add // eslint-disable-next-line to the line before.

WARNING in [eslint] 
src/App.tsx
  Line 133:6:   React Hook useEffect has missing dependencies: 'language', 'speakText', and 'ttsEnabled'. Either include them or remove the dependency array  react-hooks/exhaustive-deps
  Line 341:11:  'SpeechRecognitionResultList' is defined but never used                                                                                       @typescript-eslint/no-unused-vars

webpack compiled with 1 warning
No issues found.
Compiling...
Compiled with warnings.

[eslint] 
src/App.tsx
  Line 158:9:   'speakText' is assigned a value but never used           @typescript-eslint/no-unused-vars
  Line 333:11:  'SpeechRecognitionResultList' is defined but never used  @typescript-eslint/no-unused-vars

Search for the keywords to learn more about each warning.
To ignore, add // eslint-disable-next-line to the line before.

WARNING in [eslint] 
src/App.tsx
  Line 158:9:   'speakText' is assigned a value but never used           @typescript-eslint/no-unused-vars
  Line 333:11:  'SpeechRecognitionResultList' is defined but never used  @typescript-eslint/no-unused-vars

webpack compiled with 1 warning
No issues found.
Compiling...
Compiled with warnings.

[eslint] 
src/App.tsx
  Line 139:6:   React Hook useEffect has a missing dependency: 'speakText'. Either include it or remove the dependency array  react-hooks/exhaustive-deps
  Line 149:6:   React Hook useEffect has a missing dependency: 'speakText'. Either include it or remove the dependency array  react-hooks/exhaustive-deps
  Line 353:11:  'SpeechRecognitionResultList' is defined but never used                                                       @typescript-eslint/no-unused-vars

Search for the keywords to learn more about each warning.
To ignore, add // eslint-disable-next-line to the line before.

WARNING in [eslint] 
src/App.tsx
  Line 139:6:   React Hook useEffect has a missing dependency: 'speakText'. Either include it or remove the dependency array  react-hooks/exhaustive-deps
  Line 149:6:   React Hook useEffect has a missing dependency: 'speakText'. Either include it or remove the dependency array  react-hooks/exhaustive-deps
  Line 353:11:  'SpeechRecognitionResultList' is defined but never used                                                       @typescript-eslint/no-unused-vars

webpack compiled with 1 warning
No issues found.
Compiling...
Compiled with warnings.

[eslint] 
src/App.tsx
  Line 46:10:   'voiceProfile' is assigned a value but never used                                                             @typescript-eslint/no-unused-vars
  Line 46:24:   'setVoiceProfile' is assigned a value but never used                                                          @typescript-eslint/no-unused-vars
  Line 47:10:   'availableVoices' is assigned a value but never used                                                          @typescript-eslint/no-unused-vars
  Line 47:27:   'setAvailableVoices' is assigned a value but never used                                                       @typescript-eslint/no-unused-vars
  Line 48:10:   'cartesiaAvailable' is assigned a value but never used                                                        @typescript-eslint/no-unused-vars
  Line 48:29:   'setCartesiaAvailable' is assigned a value but never used                                                     @typescript-eslint/no-unused-vars
  Line 142:6:   React Hook useEffect has a missing dependency: 'speakText'. Either include it or remove the dependency array  react-hooks/exhaustive-deps
  Line 152:6:   React Hook useEffect has a missing dependency: 'speakText'. Either include it or remove the dependency array  react-hooks/exhaustive-deps
  Line 356:11:  'SpeechRecognitionResultList' is defined but never used                                                       @typescript-eslint/no-unused-vars

Search for the keywords to learn more about each warning.
To ignore, add // eslint-disable-next-line to the line before.

WARNING in [eslint] 
src/App.tsx
  Line 46:10:   'voiceProfile' is assigned a value but never used                                                             @typescript-eslint/no-unused-vars
  Line 46:24:   'setVoiceProfile' is assigned a value but never used                                                          @typescript-eslint/no-unused-vars
  Line 47:10:   'availableVoices' is assigned a value but never used                                                          @typescript-eslint/no-unused-vars
  Line 47:27:   'setAvailableVoices' is assigned a value but never used                                                       @typescript-eslint/no-unused-vars
  Line 48:10:   'cartesiaAvailable' is assigned a value but never used                                                        @typescript-eslint/no-unused-vars
  Line 48:29:   'setCartesiaAvailable' is assigned a value but never used                                                     @typescript-eslint/no-unused-vars
  Line 142:6:   React Hook useEffect has a missing dependency: 'speakText'. Either include it or remove the dependency array  react-hooks/exhaustive-deps
  Line 152:6:   React Hook useEffect has a missing dependency: 'speakText'. Either include it or remove the dependency array  react-hooks/exhaustive-deps
  Line 356:11:  'SpeechRecognitionResultList' is defined but never used                                                       @typescript-eslint/no-unused-vars

webpack compiled with 1 warning
No issues found.
Compiling...
Compiled with warnings.

[eslint] 
src/App.tsx
  Line 46:24:   'setVoiceProfile' is assigned a value but never used                                                          @typescript-eslint/no-unused-vars
  Line 47:10:   'availableVoices' is assigned a value but never used                                                          @typescript-eslint/no-unused-vars
  Line 47:27:   'setAvailableVoices' is assigned a value but never used                                                       @typescript-eslint/no-unused-vars
  Line 48:29:   'setCartesiaAvailable' is assigned a value but never used                                                     @typescript-eslint/no-unused-vars
  Line 142:6:   React Hook useEffect has a missing dependency: 'speakText'. Either include it or remove the dependency array  react-hooks/exhaustive-deps
  Line 152:6:   React Hook useEffect has a missing dependency: 'speakText'. Either include it or remove the dependency array  react-hooks/exhaustive-deps
  Line 405:11:  'SpeechRecognitionResultList' is defined but never used                                                       @typescript-eslint/no-unused-vars

Search for the keywords to learn more about each warning.
To ignore, add // eslint-disable-next-line to the line before.

WARNING in [eslint] 
src/App.tsx
  Line 46:24:   'setVoiceProfile' is assigned a value but never used                                                          @typescript-eslint/no-unused-vars
  Line 47:10:   'availableVoices' is assigned a value but never used                                                          @typescript-eslint/no-unused-vars
  Line 47:27:   'setAvailableVoices' is assigned a value but never used                                                       @typescript-eslint/no-unused-vars
  Line 48:29:   'setCartesiaAvailable' is assigned a value but never used                                                     @typescript-eslint/no-unused-vars
  Line 142:6:   React Hook useEffect has a missing dependency: 'speakText'. Either include it or remove the dependency array  react-hooks/exhaustive-deps
  Line 152:6:   React Hook useEffect has a missing dependency: 'speakText'. Either include it or remove the dependency array  react-hooks/exhaustive-deps
  Line 405:11:  'SpeechRecognitionResultList' is defined but never used                                                       @typescript-eslint/no-unused-vars

webpack compiled with 1 warning
No issues found.
Compiling...
Compiled with warnings.

[eslint] 
src/App.tsx
  Line 46:24:   'setVoiceProfile' is assigned a value but never used                                                          @typescript-eslint/no-unused-vars
  Line 47:10:   'availableVoices' is assigned a value but never used                                                          @typescript-eslint/no-unused-vars
  Line 161:6:   React Hook useEffect has a missing dependency: 'speakText'. Either include it or remove the dependency array  react-hooks/exhaustive-deps
  Line 171:6:   React Hook useEffect has a missing dependency: 'speakText'. Either include it or remove the dependency array  react-hooks/exhaustive-deps
  Line 424:11:  'SpeechRecognitionResultList' is defined but never used                                                       @typescript-eslint/no-unused-vars

Search for the keywords to learn more about each warning.
To ignore, add // eslint-disable-next-line to the line before.

WARNING in [eslint] 
src/App.tsx
  Line 46:24:   'setVoiceProfile' is assigned a value but never used                                                          @typescript-eslint/no-unused-vars
  Line 47:10:   'availableVoices' is assigned a value but never used                                                          @typescript-eslint/no-unused-vars
  Line 161:6:   React Hook useEffect has a missing dependency: 'speakText'. Either include it or remove the dependency array  react-hooks/exhaustive-deps
  Line 171:6:   React Hook useEffect has a missing dependency: 'speakText'. Either include it or remove the dependency array  react-hooks/exhaustive-deps
  Line 424:11:  'SpeechRecognitionResultList' is defined but never used                                                       @typescript-eslint/no-unused-vars

webpack compiled with 1 warning
No issues found.
Compiling...
Compiled with warnings.

[eslint] 
src/App.tsx
  Line 161:6:   React Hook useEffect has a missing dependency: 'speakText'. Either include it or remove the dependency array  react-hooks/exhaustive-deps
  Line 171:6:   React Hook useEffect has a missing dependency: 'speakText'. Either include it or remove the dependency array  react-hooks/exhaustive-deps
  Line 441:11:  'SpeechRecognitionResultList' is defined but never used                                                       @typescript-eslint/no-unused-vars

Search for the keywords to learn more about each warning.
To ignore, add // eslint-disable-next-line to the line before.

WARNING in [eslint] 
src/App.tsx
  Line 161:6:   React Hook useEffect has a missing dependency: 'speakText'. Either include it or remove the dependency array  react-hooks/exhaustive-deps
  Line 171:6:   React Hook useEffect has a missing dependency: 'speakText'. Either include it or remove the dependency array  react-hooks/exhaustive-deps
  Line 441:11:  'SpeechRecognitionResultList' is defined but never used                                                       @typescript-eslint/no-unused-vars

webpack compiled with 1 warning
No issues found.
Compiling...
Compiled with warnings.

[eslint] 
src/App.tsx
  Line 161:6:   React Hook useEffect has a missing dependency: 'speakText'. Either include it or remove the dependency array  react-hooks/exhaustive-deps
  Line 171:6:   React Hook useEffect has a missing dependency: 'speakText'. Either include it or remove the dependency array  react-hooks/exhaustive-deps
  Line 441:11:  'SpeechRecognitionResultList' is defined but never used                                                       @typescript-eslint/no-unused-vars

Search for the keywords to learn more about each warning.
To ignore, add // eslint-disable-next-line to the line before.

WARNING in [eslint] 
src/App.tsx
  Line 161:6:   React Hook useEffect has a missing dependency: 'speakText'. Either include it or remove the dependency array  react-hooks/exhaustive-deps
  Line 171:6:   React Hook useEffect has a missing dependency: 'speakText'. Either include it or remove the dependency array  react-hooks/exhaustive-deps
  Line 441:11:  'SpeechRecognitionResultList' is defined but never used                                                       @typescript-eslint/no-unused-vars

webpack compiled with 1 warning
No issues found.
